<?xml version="1.0" encoding="UTF-8"?>
<!-- Generated by org.testng.reporters.JUnitReportReporter -->
<testsuite skipped="0" hostname="SSL247DEV004" name="Sanity_Test.Admin_User" tests="1" failures="0" timestamp="07 Aug 2017 11:43:12 GMT" time="49.197" errors="0">
  <testcase name="Sync_Cert_WithCA" time="49.197" classname="Sanity_Test.Admin_User"/>
</testsuite> <!-- Sanity_Test.Admin_User -->
