<?xml version="1.0" encoding="UTF-8"?>
<!-- Generated by org.testng.reporters.JUnitReportReporter -->
<testsuite skipped="0" hostname="SSL247DEV004" name="Sanity_Test.New_User" tests="6" failures="0" timestamp="26 May 2017 13:13:10 GMT" time="117.470" errors="0">
  <testcase name="User_Registration" time="36.454" classname="Sanity_Test.New_User"/>
  <testcase name="Log_Out_New_User" time="10.600" classname="Sanity_Test.New_User"/>
  <testcase name="Get_in_Touch" time="22.550" classname="Sanity_Test.New_User"/>
  <testcase name="Ask_a_question" time="17.540" classname="Sanity_Test.New_User"/>
  <testcase name="Request_a_Bronchure" time="14.589" classname="Sanity_Test.New_User"/>
  <testcase name="Request_a_PenTest_Proposal" time="15.737" classname="Sanity_Test.New_User"/>
</testsuite> <!-- Sanity_Test.New_User -->
