<?xml version="1.0" encoding="UTF-8"?>
<!-- Generated by org.testng.reporters.JUnitReportReporter -->
<testsuite skipped="0" hostname="SSL247DEV004" name="Sanity_Test.SQL_Queries" tests="3" failures="0" timestamp="05 Jun 2017 16:25:07 GMT" time="1.553" errors="0">
  <testcase name="SQL_DeleteAccount" time="0.467" classname="Sanity_Test.SQL_Queries"/>
  <testcase name="SQL_DeleteUser" time="0.275" classname="Sanity_Test.SQL_Queries"/>
  <testcase name="SQL_Certificate_Order" time="0.811" classname="Sanity_Test.SQL_Queries"/>
</testsuite> <!-- Sanity_Test.SQL_Queries -->
