<?xml version="1.0" encoding="UTF-8"?>
<!-- Generated by org.testng.reporters.JUnitReportReporter -->
<testsuite skipped="0" hostname="SSL247DEV004" name="Sanity_Test.Admin_User" tests="4" failures="0" timestamp="07 Jun 2017 09:43:59 GMT" time="269.408" errors="0">
  <testcase name="Create_Proposal" time="107.334" classname="Sanity_Test.Admin_User"/>
  <testcase name="Send_Fulfillment_Email" time="58.075" classname="Sanity_Test.Admin_User"/>
  <testcase name="Edit_Account_User" time="53.339" classname="Sanity_Test.Admin_User"/>
  <testcase name="Send_Change_Password_Request_Email" time="50.660" classname="Sanity_Test.Admin_User"/>
</testsuite> <!-- Sanity_Test.Admin_User -->
