<?xml version="1.0" encoding="UTF-8"?>
<!-- Generated by org.testng.reporters.JUnitReportReporter -->
<testsuite skipped="0" hostname="SSL247DEV004" name="Sanity_Test.Registered_User" tests="4" failures="0" timestamp="05 Jun 2017 11:08:45 GMT" time="369.566" errors="0">
  <testcase name="Order_RapidSSL" time="142.542" classname="Sanity_Test.Registered_User"/>
  <testcase name="Create_User" time="45.471" classname="Sanity_Test.Registered_User"/>
  <testcase name="Edit_User" time="91.663" classname="Sanity_Test.Registered_User"/>
  <testcase name="Domain_Name_Ordering" time="89.890" classname="Sanity_Test.Registered_User"/>
</testsuite> <!-- Sanity_Test.Registered_User -->
