<?xml version="1.0" encoding="UTF-8"?>
<!-- Generated by org.testng.reporters.JUnitReportReporter -->
<testsuite skipped="0" hostname="SSL247DEV004" name="Sanity_Test.New_User" tests="7" failures="0" timestamp="12 Jun 2017 12:42:10 GMT" time="286.501" errors="0">
  <testcase name="User_Registration" time="77.791" classname="Sanity_Test.New_User"/>
  <testcase name="User_LogOut" time="48.545" classname="Sanity_Test.New_User"/>
  <testcase name="User_LogIn" time="47.533" classname="Sanity_Test.New_User"/>
  <testcase name="Get_in_Touch" time="32.993" classname="Sanity_Test.New_User"/>
  <testcase name="Ask_a_question" time="25.344" classname="Sanity_Test.New_User"/>
  <testcase name="Request_a_Bronchure" time="26.706" classname="Sanity_Test.New_User"/>
  <testcase name="Request_a_PenTest_Proposal" time="27.589" classname="Sanity_Test.New_User"/>
</testsuite> <!-- Sanity_Test.New_User -->
