<?xml version="1.0" encoding="UTF-8"?>
<!-- Generated by org.testng.reporters.JUnitReportReporter -->
<testsuite skipped="0" hostname="SSL247DEV004" name="Sanity_Test.Admin_User" tests="1" failures="0" timestamp="23 Jun 2017 13:02:21 GMT" time="49.095" errors="0">
  <testcase name="Send_Fulfillment_Email" time="49.095" classname="Sanity_Test.Admin_User"/>
</testsuite> <!-- Sanity_Test.Admin_User -->
