<?xml version="1.0" encoding="UTF-8"?>
<!-- Generated by org.testng.reporters.JUnitReportReporter -->
<testsuite skipped="0" hostname="SSL247DEV004" name="Sanity_Test.New_User" tests="6" failures="0" timestamp="01 Jun 2017 11:18:53 GMT" time="101.947" errors="0">
  <testcase name="User_Registration" time="33.703" classname="Sanity_Test.New_User"/>
  <testcase name="Log_Out_New_User" time="8.516" classname="Sanity_Test.New_User"/>
  <testcase name="Get_in_Touch" time="19.218" classname="Sanity_Test.New_User"/>
  <testcase name="Ask_a_question" time="13.506" classname="Sanity_Test.New_User"/>
  <testcase name="Request_a_Bronchure" time="13.299" classname="Sanity_Test.New_User"/>
  <testcase name="Request_a_PenTest_Proposal" time="13.705" classname="Sanity_Test.New_User"/>
</testsuite> <!-- Sanity_Test.New_User -->
