<?xml version="1.0" encoding="UTF-8"?>
<!-- Generated by org.testng.reporters.JUnitReportReporter -->
<testsuite skipped="0" hostname="SSL247DEV004" name="Sanity_Test.Admin_User" tests="1" failures="0" timestamp="23 Jun 2017 16:20:32 GMT" time="58.556" errors="0">
  <testcase name="Send_Fulfillment_Email" time="58.556" classname="Sanity_Test.Admin_User"/>
</testsuite> <!-- Sanity_Test.Admin_User -->
