<?xml version="1.0" encoding="UTF-8"?>
<!-- Generated by org.testng.reporters.JUnitReportReporter -->
<testsuite skipped="0" hostname="SSL247DEV004" name="Regression_Test.Admin_User" tests="4" failures="0" timestamp="10 May 2017 13:40:12 GMT" time="183.819" errors="0">
  <testcase name="Edit_User" time="42.900" classname="Regression_Test.Admin_User"/>
  <testcase name="Edit_User" time="47.148" classname="Regression_Test.Admin_User"/>
  <testcase name="Edit_User" time="43.151" classname="Regression_Test.Admin_User"/>
  <testcase name="Edit_User" time="50.620" classname="Regression_Test.Admin_User"/>
</testsuite> <!-- Regression_Test.Admin_User -->
