<?xml version="1.0" encoding="UTF-8"?>
<!-- Generated by org.testng.reporters.JUnitReportReporter -->
<testsuite skipped="0" hostname="SSL247DEV004" name="Module_Test.Registered_User" tests="5" failures="0" timestamp="09 May 2017 09:08:22 GMT" time="348.160" errors="0">
  <testcase name="Order_RapidSSL" time="98.590" classname="Module_Test.Registered_User"/>
  <testcase name="Create_User" time="57.932" classname="Module_Test.Registered_User"/>
  <testcase name="Edit_User" time="59.147" classname="Module_Test.Registered_User"/>
  <testcase name="Order_Secure_SiteEV" time="37.255" classname="Module_Test.Registered_User"/>
  <testcase name="Domain_Name_Ordering" time="95.236" classname="Module_Test.Registered_User"/>
</testsuite> <!-- Module_Test.Registered_User -->
