<?xml version="1.0" encoding="UTF-8"?>
<!-- Generated by org.testng.reporters.JUnitReportReporter -->
<testsuite skipped="0" hostname="SSL247DEV004" name="Sanity_Test.New_User" tests="12" failures="0" timestamp="05 Jun 2017 16:19:52 GMT" time="350.827" errors="0">
  <testcase name="User_Registration" time="50.918" classname="Sanity_Test.New_User"/>
  <testcase name="User_Registration" time="66.043" classname="Sanity_Test.New_User"/>
  <testcase name="Log_Out_New_User" time="18.141" classname="Sanity_Test.New_User"/>
  <testcase name="Log_Out_New_User" time="9.284" classname="Sanity_Test.New_User"/>
  <testcase name="Get_in_Touch" time="34.554" classname="Sanity_Test.New_User"/>
  <testcase name="Get_in_Touch" time="41.865" classname="Sanity_Test.New_User"/>
  <testcase name="Ask_a_question" time="15.719" classname="Sanity_Test.New_User"/>
  <testcase name="Ask_a_question" time="26.867" classname="Sanity_Test.New_User"/>
  <testcase name="Request_a_Bronchure" time="15.431" classname="Sanity_Test.New_User"/>
  <testcase name="Request_a_Bronchure" time="25.945" classname="Sanity_Test.New_User"/>
  <testcase name="Request_a_PenTest_Proposal" time="30.420" classname="Sanity_Test.New_User"/>
  <testcase name="Request_a_PenTest_Proposal" time="15.640" classname="Sanity_Test.New_User"/>
</testsuite> <!-- Sanity_Test.New_User -->
