<?xml version="1.0" encoding="UTF-8"?>
<!-- Generated by org.testng.reporters.JUnitReportReporter -->
<testsuite skipped="0" hostname="SSL247DEV004" name="Sanity_Test.Registered_User" tests="4" failures="0" timestamp="26 May 2017 13:13:10 GMT" time="394.690" errors="0">
  <testcase name="Order_RapidSSL" time="163.746" classname="Sanity_Test.Registered_User"/>
  <testcase name="Create_User" time="51.168" classname="Sanity_Test.Registered_User"/>
  <testcase name="Edit_User" time="82.548" classname="Sanity_Test.Registered_User"/>
  <testcase name="Domain_Name_Ordering" time="97.228" classname="Sanity_Test.Registered_User"/>
</testsuite> <!-- Sanity_Test.Registered_User -->
