<?xml version="1.0" encoding="UTF-8"?>
<!-- Generated by org.testng.reporters.JUnitReportReporter -->
<testsuite skipped="0" hostname="SSL247DEV004" name="Sanity_Test.Admin_User" tests="4" failures="0" timestamp="01 Jun 2017 11:18:53 GMT" time="274.458" errors="0">
  <testcase name="Send_Change_Password_Request_Email" time="51.445" classname="Sanity_Test.Admin_User"/>
  <testcase name="Create_Proposal" time="109.333" classname="Sanity_Test.Admin_User"/>
  <testcase name="Edit_Account_User" time="56.841" classname="Sanity_Test.Admin_User"/>
  <testcase name="Send_Fulfillment_Email" time="56.839" classname="Sanity_Test.Admin_User"/>
</testsuite> <!-- Sanity_Test.Admin_User -->
