<?xml version="1.0" encoding="UTF-8"?>
<!-- Generated by org.testng.reporters.JUnitReportReporter -->
<testsuite skipped="0" hostname="SSL247DEV004" name="Regression.Admin_User" tests="4" failures="0" timestamp="08 May 2017 11:55:46 GMT" time="315.983" errors="0">
  <testcase name="Send_Fulfillment_Email" time="58.262" classname="Regression.Admin_User"/>
  <testcase name="Send_Change_Password_Request_Email" time="85.118" classname="Regression.Admin_User"/>
  <testcase name="Edit_User" time="61.629" classname="Regression.Admin_User"/>
  <testcase name="Issue_Proposal" time="110.974" classname="Regression.Admin_User"/>
</testsuite> <!-- Regression.Admin_User -->
