<?xml version="1.0" encoding="UTF-8"?>
<!-- Generated by org.testng.reporters.JUnitReportReporter -->
<testsuite skipped="0" hostname="SSL247DEV004" name="Sanity_Test.New_User" tests="1" failures="0" timestamp="06 Jul 2017 09:46:25 GMT" time="122.661" errors="0">
  <testcase name="Request_a_PenTest_Proposal" time="122.661" classname="Sanity_Test.New_User"/>
</testsuite> <!-- Sanity_Test.New_User -->
