<?xml version="1.0" encoding="UTF-8"?>
<!-- Generated by org.testng.reporters.JUnitReportReporter -->
<testsuite skipped="0" hostname="SSL247DEV004" name="Sanity_Test.New_User" tests="6" failures="0" timestamp="06 Jun 2017 16:01:34 GMT" time="164.989" errors="0">
  <testcase name="User_Registration" time="71.531" classname="Sanity_Test.New_User"/>
  <testcase name="Log_Out_New_User" time="11.448" classname="Sanity_Test.New_User"/>
  <testcase name="Get_in_Touch" time="23.543" classname="Sanity_Test.New_User"/>
  <testcase name="Ask_a_question" time="17.995" classname="Sanity_Test.New_User"/>
  <testcase name="Request_a_Bronchure" time="18.901" classname="Sanity_Test.New_User"/>
  <testcase name="Request_a_PenTest_Proposal" time="21.571" classname="Sanity_Test.New_User"/>
</testsuite> <!-- Sanity_Test.New_User -->
