<?xml version="1.0" encoding="UTF-8"?>
<!-- Generated by org.testng.reporters.JUnitReportReporter -->
<testsuite skipped="0" hostname="SSL247DEV004" name="Sanity_Test.Registered_User" tests="4" failures="0" timestamp="30 May 2017 09:31:38 GMT" time="394.391" errors="0">
  <testcase name="Order_RapidSSL" time="149.421" classname="Sanity_Test.Registered_User"/>
  <testcase name="Create_User" time="57.005" classname="Sanity_Test.Registered_User"/>
  <testcase name="Edit_User" time="76.282" classname="Sanity_Test.Registered_User"/>
  <testcase name="Domain_Name_Ordering" time="111.683" classname="Sanity_Test.Registered_User"/>
</testsuite> <!-- Sanity_Test.Registered_User -->
