<?xml version="1.0" encoding="UTF-8"?>
<!-- Generated by org.testng.reporters.JUnitReportReporter -->
<testsuite skipped="0" hostname="SSL247DEV004" name="Sanity_Test.SQL_Queries" tests="4" failures="0" timestamp="26 Jun 2017 15:52:36 GMT" time="1.917" errors="0">
  <testcase name="SQL_DeleteAccount" time="0.543" classname="Sanity_Test.SQL_Queries"/>
  <testcase name="SQL_DeleteUser" time="0.306" classname="Sanity_Test.SQL_Queries"/>
  <testcase name="SQL_Certificate_Order" time="0.766" classname="Sanity_Test.SQL_Queries"/>
  <testcase name="SQL_DomainName_Order" time="0.302" classname="Sanity_Test.SQL_Queries"/>
</testsuite> <!-- Sanity_Test.SQL_Queries -->
