<?xml version="1.0" encoding="UTF-8"?>
<!-- Generated by org.testng.reporters.JUnitReportReporter -->
<testsuite skipped="0" hostname="SSL247DEV004" name="Sanity_Test.Registered_User" tests="4" failures="0" timestamp="01 Jun 2017 14:00:10 GMT" time="385.560" errors="0">
  <testcase name="Order_RapidSSL" time="145.611" classname="Sanity_Test.Registered_User"/>
  <testcase name="Create_User" time="46.743" classname="Sanity_Test.Registered_User"/>
  <testcase name="Edit_User" time="86.962" classname="Sanity_Test.Registered_User"/>
  <testcase name="Domain_Name_Ordering" time="106.244" classname="Sanity_Test.Registered_User"/>
</testsuite> <!-- Sanity_Test.Registered_User -->
