<?xml version="1.0" encoding="UTF-8"?>
<!-- Generated by org.testng.reporters.JUnitReportReporter -->
<testsuite skipped="0" hostname="SSL247DEV004" name="Sanity_Test.Admin_User" tests="9" failures="0" timestamp="20 Jul 2017 14:50:25 GMT" time="580.386" errors="0">
  <testcase name="Admin_LogIn" time="25.329" classname="Sanity_Test.Admin_User"/>
  <testcase name="Edit_Account_User" time="50.102" classname="Sanity_Test.Admin_User"/>
  <testcase name="Create_Proposal" time="104.314" classname="Sanity_Test.Admin_User"/>
  <testcase name="IssueProposal" time="37.095" classname="Sanity_Test.Admin_User"/>
  <testcase name="Sync_Cert_WithCA" time="87.649" classname="Sanity_Test.Admin_User"/>
  <testcase name="Sync_Cert_WithCA" time="86.642" classname="Sanity_Test.Admin_User"/>
  <testcase name="Sync_Cert_WithCA" time="86.558" classname="Sanity_Test.Admin_User"/>
  <testcase name="Send_Fulfillment_Email" time="57.573" classname="Sanity_Test.Admin_User"/>
  <testcase name="Send_Change_Password_Request_Email" time="45.124" classname="Sanity_Test.Admin_User"/>
</testsuite> <!-- Sanity_Test.Admin_User -->
