<?xml version="1.0" encoding="UTF-8"?>
<!-- Generated by org.testng.reporters.JUnitReportReporter -->
<testsuite skipped="0" hostname="SSL247DEV004" name="Sanity_Test.SQL_Queries" tests="3" failures="0" timestamp="01 Jun 2017 14:00:10 GMT" time="1.558" errors="0">
  <testcase name="SQL_DeleteAccount" time="0.475" classname="Sanity_Test.SQL_Queries"/>
  <testcase name="SQL_DeleteUser" time="0.290" classname="Sanity_Test.SQL_Queries"/>
  <testcase name="SQL_Certificate_Order" time="0.793" classname="Sanity_Test.SQL_Queries"/>
</testsuite> <!-- Sanity_Test.SQL_Queries -->
