<?xml version="1.0" encoding="UTF-8"?>
<!-- Generated by org.testng.reporters.JUnitReportReporter -->
<testsuite skipped="0" hostname="SSL247DEV004" name="Sanity_Test.Admin_User" tests="4" failures="0" timestamp="01 Jun 2017 14:00:10 GMT" time="270.212" errors="0">
  <testcase name="Send_Fulfillment_Email" time="55.677" classname="Sanity_Test.Admin_User"/>
  <testcase name="Create_Proposal" time="106.947" classname="Sanity_Test.Admin_User"/>
  <testcase name="Edit_Account_User" time="52.343" classname="Sanity_Test.Admin_User"/>
  <testcase name="Send_Change_Password_Request_Email" time="55.245" classname="Sanity_Test.Admin_User"/>
</testsuite> <!-- Sanity_Test.Admin_User -->
