<?xml version="1.0" encoding="UTF-8"?>
<!-- Generated by org.testng.reporters.JUnitReportReporter -->
<testsuite skipped="0" hostname="SSL247DEV004" name="Sanity_Test.Admin_User" tests="1" failures="0" timestamp="17 Jul 2017 08:58:54 GMT" time="55.558" errors="0">
  <testcase name="Edit_Account_User" time="55.558" classname="Sanity_Test.Admin_User"/>
</testsuite> <!-- Sanity_Test.Admin_User -->
