<?xml version="1.0" encoding="UTF-8"?>
<!-- Generated by org.testng.reporters.JUnitReportReporter -->
<testsuite skipped="0" hostname="SSL247DEV004" name="Sanity_Test.New_User" tests="6" failures="0" timestamp="01 Jun 2017 14:00:10 GMT" time="101.412" errors="0">
  <testcase name="User_Registration" time="33.405" classname="Sanity_Test.New_User"/>
  <testcase name="Log_Out_New_User" time="9.243" classname="Sanity_Test.New_User"/>
  <testcase name="Get_in_Touch" time="19.461" classname="Sanity_Test.New_User"/>
  <testcase name="Ask_a_question" time="13.787" classname="Sanity_Test.New_User"/>
  <testcase name="Request_a_Bronchure" time="12.139" classname="Sanity_Test.New_User"/>
  <testcase name="Request_a_PenTest_Proposal" time="13.377" classname="Sanity_Test.New_User"/>
</testsuite> <!-- Sanity_Test.New_User -->
