<?xml version="1.0" encoding="UTF-8"?>
<!-- Generated by org.testng.reporters.JUnitReportReporter -->
<testsuite skipped="0" hostname="SSL247DEV004" name="Sanity_Test.SQL_Queries" tests="6" failures="0" timestamp="02 Jun 2017 16:33:04 GMT" time="3.045" errors="0">
  <testcase name="SQL_DeleteAccount" time="0.487" classname="Sanity_Test.SQL_Queries"/>
  <testcase name="SQL_DeleteAccount" time="0.351" classname="Sanity_Test.SQL_Queries"/>
  <testcase name="SQL_DeleteUser" time="0.306" classname="Sanity_Test.SQL_Queries"/>
  <testcase name="SQL_DeleteUser" time="0.281" classname="Sanity_Test.SQL_Queries"/>
  <testcase name="SQL_Certificate_Order" time="0.793" classname="Sanity_Test.SQL_Queries"/>
  <testcase name="SQL_Certificate_Order" time="0.827" classname="Sanity_Test.SQL_Queries"/>
</testsuite> <!-- Sanity_Test.SQL_Queries -->
