<?xml version="1.0" encoding="UTF-8"?>
<!-- Generated by org.testng.reporters.JUnitReportReporter -->
<testsuite skipped="0" hostname="SSL247DEV004" name="Sanity_Test.SQL_Queries" tests="1" failures="0" timestamp="12 Jun 2017 12:42:10 GMT" time="0.645" errors="0">
  <testcase name="SQL_DeleteUser" time="0.645" classname="Sanity_Test.SQL_Queries"/>
</testsuite> <!-- Sanity_Test.SQL_Queries -->
