<?xml version="1.0" encoding="UTF-8"?>
<!-- Generated by org.testng.reporters.JUnitReportReporter -->
<testsuite skipped="0" hostname="SSL247DEV004" name="Sanity_Test.New_User" tests="6" failures="0" timestamp="05 Jun 2017 11:08:45 GMT" time="114.494" errors="0">
  <testcase name="User_Registration" time="48.194" classname="Sanity_Test.New_User"/>
  <testcase name="Log_Out_New_User" time="8.672" classname="Sanity_Test.New_User"/>
  <testcase name="Get_in_Touch" time="19.773" classname="Sanity_Test.New_User"/>
  <testcase name="Ask_a_question" time="13.026" classname="Sanity_Test.New_User"/>
  <testcase name="Request_a_Bronchure" time="13.010" classname="Sanity_Test.New_User"/>
  <testcase name="Request_a_PenTest_Proposal" time="11.819" classname="Sanity_Test.New_User"/>
</testsuite> <!-- Sanity_Test.New_User -->
