<?xml version="1.0" encoding="UTF-8"?>
<!-- Generated by org.testng.reporters.JUnitReportReporter -->
<testsuite skipped="0" hostname="SSL247DEV004" name="Sanity_Test.SQL_Queries" tests="4" failures="0" timestamp="12 Jun 2017 13:34:23 GMT" time="1.961" errors="0">
  <testcase name="SQL_DeleteAccount" time="0.501" classname="Sanity_Test.SQL_Queries"/>
  <testcase name="SQL_DeleteUser" time="0.283" classname="Sanity_Test.SQL_Queries"/>
  <testcase name="SQL_Certificate_Order" time="0.838" classname="Sanity_Test.SQL_Queries"/>
  <testcase name="SQL_DomainName_Order" time="0.339" classname="Sanity_Test.SQL_Queries"/>
</testsuite> <!-- Sanity_Test.SQL_Queries -->
