<?xml version="1.0" encoding="UTF-8"?>
<!-- Generated by org.testng.reporters.JUnitReportReporter -->
<testsuite skipped="0" hostname="SSL247DEV004" name="Sanity_Test.SQL_Queries" tests="5" failures="0" timestamp="01 Aug 2017 14:51:29 GMT" time="10.775" errors="0">
  <testcase name="SQL_DeleteAccount" time="1.011" classname="Sanity_Test.SQL_Queries"/>
  <testcase name="SQL_DeleteUser" time="0.536" classname="Sanity_Test.SQL_Queries"/>
  <testcase name="SQL_Certificate_Order" time="8.382" classname="Sanity_Test.SQL_Queries"/>
  <testcase name="SQL_DomainName_Order" time="0.455" classname="Sanity_Test.SQL_Queries"/>
  <testcase name="Delete_User" time="0.391" classname="Sanity_Test.SQL_Queries"/>
</testsuite> <!-- Sanity_Test.SQL_Queries -->
