<?xml version="1.0" encoding="UTF-8"?>
<!-- Generated by org.testng.reporters.JUnitReportReporter -->
<testsuite skipped="0" hostname="SSL247DEV004" name="Sanity_Test.New_User" tests="5" failures="0" timestamp="04 Jul 2017 16:22:37 GMT" time="250.156" errors="0">
  <testcase name="User_Registration" time="50.123" classname="Sanity_Test.New_User"/>
  <testcase name="Get_in_Touch" time="29.253" classname="Sanity_Test.New_User"/>
  <testcase name="Ask_a_question" time="28.509" classname="Sanity_Test.New_User"/>
  <testcase name="Request_a_Bronchure" time="32.354" classname="Sanity_Test.New_User"/>
  <testcase name="Request_a_PenTest_Proposal" time="109.917" classname="Sanity_Test.New_User"/>
</testsuite> <!-- Sanity_Test.New_User -->
