<?xml version="1.0" encoding="UTF-8"?>
<!-- Generated by org.testng.reporters.JUnitReportReporter -->
<testsuite skipped="0" hostname="SSL247DEV004" name="Sanity_Test.Registered_User" tests="4" failures="0" timestamp="01 Jun 2017 08:23:14 GMT" time="354.338" errors="0">
  <testcase name="Order_RapidSSL" time="144.065" classname="Sanity_Test.Registered_User"/>
  <testcase name="Create_User" time="47.658" classname="Sanity_Test.Registered_User"/>
  <testcase name="Edit_User" time="74.987" classname="Sanity_Test.Registered_User"/>
  <testcase name="Domain_Name_Ordering" time="87.628" classname="Sanity_Test.Registered_User"/>
</testsuite> <!-- Sanity_Test.Registered_User -->
