<?xml version="1.0" encoding="UTF-8"?>
<!-- Generated by org.testng.reporters.JUnitReportReporter -->
<testsuite skipped="0" hostname="LAPTOP-27SQ7D8S" name="Sanity_Test.SQL_Queries" tests="6" failures="0" timestamp="05 Jun 2017 05:29:42 GMT" time="5.819" errors="0">
  <testcase name="SQL_DeleteAccount" time="0.488" classname="Sanity_Test.SQL_Queries"/>
  <testcase name="SQL_DeleteAccount" time="0.512" classname="Sanity_Test.SQL_Queries"/>
  <testcase name="SQL_DeleteUser" time="0.371" classname="Sanity_Test.SQL_Queries"/>
  <testcase name="SQL_DeleteUser" time="1.002" classname="Sanity_Test.SQL_Queries"/>
  <testcase name="SQL_Certificate_Order" time="2.133" classname="Sanity_Test.SQL_Queries"/>
  <testcase name="SQL_Certificate_Order" time="1.313" classname="Sanity_Test.SQL_Queries"/>
</testsuite> <!-- Sanity_Test.SQL_Queries -->
