<?xml version="1.0" encoding="UTF-8"?>
<!-- Generated by org.testng.reporters.JUnitReportReporter -->
<testsuite skipped="0" hostname="SSL247DEV004" name="Sanity_Test.New_User" tests="1" failures="0" timestamp="23 Jun 2017 13:56:14 GMT" time="30.341" errors="0">
  <testcase name="Get_in_Touch" time="30.341" classname="Sanity_Test.New_User"/>
</testsuite> <!-- Sanity_Test.New_User -->
