<?xml version="1.0" encoding="UTF-8"?>
<!-- Generated by org.testng.reporters.JUnitReportReporter -->
<testsuite skipped="0" hostname="SSL247DEV004" name="Module_Test.New_User" tests="5" failures="0" timestamp="09 May 2017 09:08:22 GMT" time="129.593" errors="0">
  <testcase name="User_Registration" time="42.325" classname="Module_Test.New_User"/>
  <testcase name="Get_in_Touch" time="28.299" classname="Module_Test.New_User"/>
  <testcase name="Ask_a_question" time="22.152" classname="Module_Test.New_User"/>
  <testcase name="Request_a_Bronchure" time="21.473" classname="Module_Test.New_User"/>
  <testcase name="Request_a_PenTest_Proposal" time="15.344" classname="Module_Test.New_User"/>
</testsuite> <!-- Module_Test.New_User -->
