<?xml version="1.0" encoding="UTF-8"?>
<!-- Generated by org.testng.reporters.JUnitReportReporter -->
<testsuite skipped="0" hostname="SSL247DEV004" name="Sanity_Test.SQL_Queries" tests="5" failures="0" timestamp="26 Jul 2017 15:33:23 GMT" time="4.203" errors="0">
  <testcase name="SQL_DeleteAccount" time="0.940" classname="Sanity_Test.SQL_Queries"/>
  <testcase name="SQL_DeleteUser" time="0.391" classname="Sanity_Test.SQL_Queries"/>
  <testcase name="SQL_Certificate_Order" time="2.162" classname="Sanity_Test.SQL_Queries"/>
  <testcase name="SQL_DomainName_Order" time="0.301" classname="Sanity_Test.SQL_Queries"/>
  <testcase name="Delete_User" time="0.409" classname="Sanity_Test.SQL_Queries"/>
</testsuite> <!-- Sanity_Test.SQL_Queries -->
