<?xml version="1.0" encoding="UTF-8"?>
<!-- Generated by org.testng.reporters.JUnitReportReporter -->
<testsuite skipped="0" hostname="SSL247DEV004" name="Regression_Test.SQL_Queries" tests="1" failures="0" timestamp="01 Jun 2017 15:26:02 GMT" time="1.128" errors="0">
  <testcase name="SQL_Certificate_Order" time="1.128" classname="Regression_Test.SQL_Queries"/>
</testsuite> <!-- Regression_Test.SQL_Queries -->
