<?xml version="1.0" encoding="UTF-8"?>
<!-- Generated by org.testng.reporters.JUnitReportReporter -->
<testsuite skipped="0" hostname="SSL247DEV004" name="Sanity_Test.Admin_User" tests="4" failures="0" timestamp="26 May 2017 13:13:10 GMT" time="294.723" errors="0">
  <testcase name="Send_Fulfillment_Email" time="61.595" classname="Sanity_Test.Admin_User"/>
  <testcase name="Send_Change_Password_Request_Email" time="58.367" classname="Sanity_Test.Admin_User"/>
  <testcase name="Edit_Account_User" time="58.609" classname="Sanity_Test.Admin_User"/>
  <testcase name="Create_Proposal" time="116.152" classname="Sanity_Test.Admin_User"/>
</testsuite> <!-- Sanity_Test.Admin_User -->
