<?xml version="1.0" encoding="UTF-8"?>
<!-- Generated by org.testng.reporters.JUnitReportReporter -->
<testsuite skipped="0" hostname="LAPTOP-27SQ7D8S" name="Sanity_Test.New_User" tests="12" failures="0" timestamp="05 Jun 2017 05:29:42 GMT" time="301.653" errors="2">
  <testcase name="User_Registration" time="54.839" classname="Sanity_Test.New_User"/>
  <testcase name="User_Registration" time="47.817" classname="Sanity_Test.New_User"/>
  <testcase name="Log_Out_New_User" time="9.720" classname="Sanity_Test.New_User"/>
  <testcase name="Log_Out_New_User" time="9.968" classname="Sanity_Test.New_User"/>
  <testcase name="Get_in_Touch" time="23.930" classname="Sanity_Test.New_User"/>
  <testcase name="Get_in_Touch" time="21.590" classname="Sanity_Test.New_User"/>
  <testcase name="Ask_a_question" time="51.516" classname="Sanity_Test.New_User">
    <error type="org.openqa.selenium.TimeoutException" message="Expected condition failed: waiting for visibility of element located by By.xpath: .//*[@id=&#039;contactform&#039;]/div[2]/div[1]/div/select (tried for 40 second(s) with 500 MILLISECONDS interval)
Build info: version: &#039;3.3.1&#039;, revision: &#039;5234b325d5&#039;, time: &#039;2017-03-10 09:10:29 +0000&#039;
System info: host: &#039;LAPTOP-27SQ7D8S&#039;, ip: &#039;172.16.0.1&#039;, os.name: &#039;Windows 10&#039;, os.arch: &#039;amd64&#039;, os.version: &#039;10.0&#039;, java.version: &#039;1.8.0_131&#039;
Driver info: org.openqa.selenium.remote.RemoteWebDriver
Capabilities [{moz:profile=C:\Windows\proxy\rust_mozprofile.C7U5cZYlAMi7, rotatable=false, timeouts={implicit=0, pageLoad=300000, script=30000}, pageLoadStrategy=normal, platform=ANY, specificationLevel=0, moz:accessibilityChecks=false, webdriver.remote.sessionid=f3f917b192b54f9418ea7bf19fa83804c7ec36b5, acceptInsecureCerts=false, browserVersion=53.0, platformVersion=10.0, moz:processID=6504, browserName=firefox, takesScreenshot=true, javascriptEnabled=true, platformName=windows_nt, cssSelectorsEnabled=true}]
Session ID: f3f917b192b54f9418ea7bf19fa83804c7ec36b5">
      <![CDATA[org.openqa.selenium.TimeoutException: Expected condition failed: waiting for visibility of element located by By.xpath: .//*[@id='contactform']/div[2]/div[1]/div/select (tried for 40 second(s) with 500 MILLISECONDS interval)
Build info: version: '3.3.1', revision: '5234b325d5', time: '2017-03-10 09:10:29 +0000'
System info: host: 'LAPTOP-27SQ7D8S', ip: '172.16.0.1', os.name: 'Windows 10', os.arch: 'amd64', os.version: '10.0', java.version: '1.8.0_131'
Driver info: org.openqa.selenium.remote.RemoteWebDriver
Capabilities [{moz:profile=C:\Windows\proxy\rust_mozprofile.C7U5cZYlAMi7, rotatable=false, timeouts={implicit=0, pageLoad=300000, script=30000}, pageLoadStrategy=normal, platform=ANY, specificationLevel=0, moz:accessibilityChecks=false, webdriver.remote.sessionid=f3f917b192b54f9418ea7bf19fa83804c7ec36b5, acceptInsecureCerts=false, browserVersion=53.0, platformVersion=10.0, moz:processID=6504, browserName=firefox, takesScreenshot=true, javascriptEnabled=true, platformName=windows_nt, cssSelectorsEnabled=true}]
Session ID: f3f917b192b54f9418ea7bf19fa83804c7ec36b5
	at org.openqa.selenium.support.ui.WebDriverWait.timeoutException(WebDriverWait.java:80)
	at org.openqa.selenium.support.ui.FluentWait.until(FluentWait.java:232)
	at Sanity_Test.New_User.Ask_a_question(New_User.java:330)
	at sun.reflect.NativeMethodAccessorImpl.invoke0(Native Method)
	at sun.reflect.NativeMethodAccessorImpl.invoke(Unknown Source)
	at sun.reflect.DelegatingMethodAccessorImpl.invoke(Unknown Source)
	at java.lang.reflect.Method.invoke(Unknown Source)
	at org.testng.internal.MethodInvocationHelper.invokeMethod(MethodInvocationHelper.java:108)
	at org.testng.internal.Invoker.invokeMethod(Invoker.java:661)
	at org.testng.internal.Invoker.invokeTestMethod(Invoker.java:869)
	at org.testng.internal.Invoker.invokeTestMethods(Invoker.java:1193)
	at org.testng.internal.TestMethodWorker.invokeTestMethods(TestMethodWorker.java:126)
	at org.testng.internal.TestMethodWorker.run(TestMethodWorker.java:109)
	at org.testng.TestRunner.privateRun(TestRunner.java:744)
	at org.testng.TestRunner.run(TestRunner.java:602)
	at org.testng.SuiteRunner.runTest(SuiteRunner.java:380)
	at org.testng.SuiteRunner.runSequentially(SuiteRunner.java:375)
	at org.testng.SuiteRunner.privateRun(SuiteRunner.java:340)
	at org.testng.SuiteRunner.run(SuiteRunner.java:289)
	at org.testng.SuiteRunnerWorker.runSuite(SuiteRunnerWorker.java:52)
	at org.testng.SuiteRunnerWorker.run(SuiteRunnerWorker.java:86)
	at org.testng.TestNG.runSuitesSequentially(TestNG.java:1301)
	at org.testng.TestNG.runSuitesLocally(TestNG.java:1226)
	at org.testng.TestNG.runSuites(TestNG.java:1144)
	at org.testng.TestNG.run(TestNG.java:1115)
	at org.testng.remote.AbstractRemoteTestNG.run(AbstractRemoteTestNG.java:132)
	at org.testng.remote.RemoteTestNG.initAndRun(RemoteTestNG.java:230)
	at org.testng.remote.RemoteTestNG.main(RemoteTestNG.java:76)
]]>
    </error>
  </testcase> <!-- Ask_a_question -->
  <testcase name="Ask_a_question" time="17.504" classname="Sanity_Test.New_User"/>
  <testcase name="Request_a_Bronchure" time="15.228" classname="Sanity_Test.New_User">
    <error type="org.openqa.selenium.ElementNotInteractableException" message="
Build info: version: &#039;3.4.0&#039;, revision: &#039;unknown&#039;, time: &#039;unknown&#039;
System info: host: &#039;185-200-103-135&#039;, ip: &#039;185.200.103.135&#039;, os.name: &#039;windows&#039;, os.arch: &#039;x86&#039;, os.version: &#039;10.0&#039;, java.version: &#039;1.8.0_121&#039;
Driver info: org.openqa.selenium.firefox.FirefoxDriver
Capabilities [{moz:profile=C:\Windows\proxy\rust_mozprofile.C7U5cZYlAMi7, rotatable=false, timeouts={implicit=0.0, pageLoad=300000.0, script=30000.0}, pageLoadStrategy=normal, platform=ANY, specificationLevel=0.0, moz:accessibilityChecks=false, acceptInsecureCerts=false, browserVersion=53.0, platformVersion=10.0, moz:processID=6504.0, browserName=firefox, javascriptEnabled=true, platformName=windows_nt}]
Session ID: 0d0a08e6-78d8-4fa2-9bc5-a199a174a2f3
Command duration or timeout: 1.76 seconds">
      <![CDATA[org.openqa.selenium.ElementNotInteractableException: 
Build info: version: '3.4.0', revision: 'unknown', time: 'unknown'
System info: host: '185-200-103-135', ip: '185.200.103.135', os.name: 'windows', os.arch: 'x86', os.version: '10.0', java.version: '1.8.0_121'
Driver info: org.openqa.selenium.firefox.FirefoxDriver
Capabilities [{moz:profile=C:\Windows\proxy\rust_mozprofile.C7U5cZYlAMi7, rotatable=false, timeouts={implicit=0.0, pageLoad=300000.0, script=30000.0}, pageLoadStrategy=normal, platform=ANY, specificationLevel=0.0, moz:accessibilityChecks=false, acceptInsecureCerts=false, browserVersion=53.0, platformVersion=10.0, moz:processID=6504.0, browserName=firefox, javascriptEnabled=true, platformName=windows_nt}]
Session ID: 0d0a08e6-78d8-4fa2-9bc5-a199a174a2f3
Command duration or timeout: 1.76 seconds
	at sun.reflect.NativeConstructorAccessorImpl.newInstance0(Native Method)
	at sun.reflect.NativeConstructorAccessorImpl.newInstance(Unknown Source)
	at sun.reflect.DelegatingConstructorAccessorImpl.newInstance(Unknown Source)
	at java.lang.reflect.Constructor.newInstance(Unknown Source)
	at org.openqa.selenium.remote.ErrorHandler.createThrowable(ErrorHandler.java:216)
	at org.openqa.selenium.remote.ErrorHandler.throwIfResponseFailed(ErrorHandler.java:168)
	at org.openqa.selenium.remote.RemoteWebDriver.execute(RemoteWebDriver.java:638)
	at org.openqa.selenium.remote.RemoteWebElement.execute(RemoteWebElement.java:274)
	at org.openqa.selenium.remote.RemoteWebElement.click(RemoteWebElement.java:84)
	at org.openqa.selenium.support.ui.Select.setSelected(Select.java:324)
	at org.openqa.selenium.support.ui.Select.selectByVisibleText(Select.java:120)
	at Sanity_Test.New_User.Request_a_Bronchure(New_User.java:379)
	at sun.reflect.NativeMethodAccessorImpl.invoke0(Native Method)
	at sun.reflect.NativeMethodAccessorImpl.invoke(Unknown Source)
	at sun.reflect.DelegatingMethodAccessorImpl.invoke(Unknown Source)
	at java.lang.reflect.Method.invoke(Unknown Source)
	at org.testng.internal.MethodInvocationHelper.invokeMethod(MethodInvocationHelper.java:108)
	at org.testng.internal.Invoker.invokeMethod(Invoker.java:661)
	at org.testng.internal.Invoker.invokeTestMethod(Invoker.java:869)
	at org.testng.internal.Invoker.invokeTestMethods(Invoker.java:1193)
	at org.testng.internal.TestMethodWorker.invokeTestMethods(TestMethodWorker.java:126)
	at org.testng.internal.TestMethodWorker.run(TestMethodWorker.java:109)
	at org.testng.TestRunner.privateRun(TestRunner.java:744)
	at org.testng.TestRunner.run(TestRunner.java:602)
	at org.testng.SuiteRunner.runTest(SuiteRunner.java:380)
	at org.testng.SuiteRunner.runSequentially(SuiteRunner.java:375)
	at org.testng.SuiteRunner.privateRun(SuiteRunner.java:340)
	at org.testng.SuiteRunner.run(SuiteRunner.java:289)
	at org.testng.SuiteRunnerWorker.runSuite(SuiteRunnerWorker.java:52)
	at org.testng.SuiteRunnerWorker.run(SuiteRunnerWorker.java:86)
	at org.testng.TestNG.runSuitesSequentially(TestNG.java:1301)
	at org.testng.TestNG.runSuitesLocally(TestNG.java:1226)
	at org.testng.TestNG.runSuites(TestNG.java:1144)
	at org.testng.TestNG.run(TestNG.java:1115)
	at org.testng.remote.AbstractRemoteTestNG.run(AbstractRemoteTestNG.java:132)
	at org.testng.remote.RemoteTestNG.initAndRun(RemoteTestNG.java:230)
	at org.testng.remote.RemoteTestNG.main(RemoteTestNG.java:76)
Caused by: org.openqa.selenium.remote.ScreenshotException: Screen shot has been taken
	at org.openqa.selenium.remote.ErrorHandler.throwIfResponseFailed(ErrorHandler.java:142)
	... 31 more
Caused by: org.openqa.selenium.ElementNotInteractableException: 
Build info: version: '3.4.0', revision: 'unknown', time: 'unknown'
System info: host: '185-200-103-135', ip: '185.200.103.135', os.name: 'windows', os.arch: 'x86', os.version: '10.0', java.version: '1.8.0_121'
Driver info: org.openqa.selenium.firefox.FirefoxDriver
Capabilities [{moz:profile=C:\Windows\proxy\rust_mozprofile.C7U5cZYlAMi7, rotatable=false, timeouts={implicit=0.0, pageLoad=300000.0, script=30000.0}, pageLoadStrategy=normal, platform=ANY, specificationLevel=0.0, moz:accessibilityChecks=false, acceptInsecureCerts=false, browserVersion=53.0, platformVersion=10.0, moz:processID=6504.0, browserName=firefox, javascriptEnabled=true, platformName=windows_nt}]
Session ID: 0d0a08e6-78d8-4fa2-9bc5-a199a174a2f3
Build info: version: '3.3.1', revision: '5234b325d5', time: '2017-03-10 09:10:29 +0000'
System info: host: 'LAPTOP-27SQ7D8S', ip: '172.16.0.1', os.name: 'Windows 10', os.arch: 'amd64', os.version: '10.0', java.version: '1.8.0_131'
Driver info: driver.version: RemoteWebDriver
	at sun.reflect.NativeConstructorAccessorImpl.newInstance0(Native Method)
	at sun.reflect.NativeConstructorAccessorImpl.newInstance(Unknown Source)
	at sun.reflect.DelegatingConstructorAccessorImpl.newInstance(Unknown Source)
	at java.lang.reflect.Constructor.newInstance(Unknown Source)
	at org.openqa.selenium.remote.http.W3CHttpResponseCodec.createException(W3CHttpResponseCodec.java:150)
	at org.openqa.selenium.remote.http.W3CHttpResponseCodec.decode(W3CHttpResponseCodec.java:115)
	at org.openqa.selenium.remote.http.W3CHttpResponseCodec.decode(W3CHttpResponseCodec.java:45)
	at org.openqa.selenium.remote.HttpCommandExecutor.execute(HttpCommandExecutor.java:164)
	at org.openqa.selenium.remote.service.DriverCommandExecutor.execute(DriverCommandExecutor.java:82)
	at org.openqa.selenium.remote.RemoteWebDriver.execute(RemoteWebDriver.java:637)
	at org.openqa.selenium.remote.RemoteWebElement.execute(RemoteWebElement.java:272)
	at org.openqa.selenium.remote.RemoteWebElement.click(RemoteWebElement.java:82)
	at sun.reflect.GeneratedMethodAccessor15.invoke(Unknown Source)
	at sun.reflect.DelegatingMethodAccessorImpl.invoke(Unknown Source)
	at java.lang.reflect.Method.invoke(Unknown Source)
	at org.openqa.selenium.support.events.EventFiringWebDriver$EventFiringWebElement$1.invoke(EventFiringWebDriver.java:332)
	at com.sun.proxy.$Proxy5.click(Unknown Source)
	at org.openqa.selenium.support.events.EventFiringWebDriver$EventFiringWebElement.click(EventFiringWebDriver.java:345)
	at sun.reflect.GeneratedMethodAccessor15.invoke(Unknown Source)
	at sun.reflect.DelegatingMethodAccessorImpl.invoke(Unknown Source)
	at java.lang.reflect.Method.invoke(Unknown Source)
	at org.openqa.selenium.remote.server.KnownElements$1.invoke(KnownElements.java:64)
	at com.sun.proxy.$Proxy6.click(Unknown Source)
	at org.openqa.selenium.remote.server.handler.ClickElement.call(ClickElement.java:30)
	at org.openqa.selenium.remote.server.handler.ClickElement.call(ClickElement.java:22)
	at java.util.concurrent.FutureTask.run(Unknown Source)
	at org.openqa.selenium.remote.server.DefaultSession$1.run(DefaultSession.java:176)
	at java.util.concurrent.ThreadPoolExecutor.runWorker(Unknown Source)
	at java.util.concurrent.ThreadPoolExecutor$Worker.run(Unknown Source)
	at java.lang.Thread.run(Unknown Source)
]]>
    </error>
  </testcase> <!-- Request_a_Bronchure -->
  <testcase name="Request_a_Bronchure" time="16.090" classname="Sanity_Test.New_User"/>
  <testcase name="Request_a_PenTest_Proposal" time="16.704" classname="Sanity_Test.New_User"/>
  <testcase name="Request_a_PenTest_Proposal" time="16.747" classname="Sanity_Test.New_User"/>
</testsuite> <!-- Sanity_Test.New_User -->
