<?xml version="1.0" encoding="UTF-8"?>
<!-- Generated by org.testng.reporters.JUnitReportReporter -->
<testsuite skipped="0" hostname="SSL247DEV004" name="Regression.New_User" tests="5" failures="0" timestamp="08 May 2017 11:55:46 GMT" time="94.582" errors="0">
  <testcase name="User_Registration" time="35.724" classname="Regression.New_User"/>
  <testcase name="Get_in_Touch" time="21.631" classname="Regression.New_User"/>
  <testcase name="Ask_a_question" time="15.831" classname="Regression.New_User"/>
  <testcase name="Request_a_Bronchure" time="15.868" classname="Regression.New_User"/>
  <testcase name="Request_a_PenTest_Proposal" time="5.528" classname="Regression.New_User"/>
</testsuite> <!-- Regression.New_User -->
