<?xml version="1.0" encoding="UTF-8"?>
<!-- Generated by org.testng.reporters.JUnitReportReporter -->
<testsuite skipped="0" hostname="SSL247DEV004" name="Module_Test.Admin_User" tests="4" failures="0" timestamp="09 May 2017 09:08:22 GMT" time="289.368" errors="0">
  <testcase name="Send_Fulfillment_Email" time="54.072" classname="Module_Test.Admin_User"/>
  <testcase name="Send_Change_Password_Request_Email" time="77.437" classname="Module_Test.Admin_User"/>
  <testcase name="Edit_User" time="51.919" classname="Module_Test.Admin_User"/>
  <testcase name="Issue_Proposal" time="105.940" classname="Module_Test.Admin_User"/>
</testsuite> <!-- Module_Test.Admin_User -->
