<?xml version="1.0" encoding="UTF-8"?>
<!-- Generated by org.testng.reporters.JUnitReportReporter -->
<testsuite skipped="0" hostname="SSL247DEV004" name="Sanity_Test.Registered_User" tests="1" failures="0" timestamp="12 Jun 2017 15:00:07 GMT" time="168.130" errors="0">
  <testcase name="Order_RapidSSL" time="168.130" classname="Sanity_Test.Registered_User"/>
</testsuite> <!-- Sanity_Test.Registered_User -->
