<?xml version="1.0" encoding="UTF-8"?>
<!-- Generated by org.testng.reporters.JUnitReportReporter -->
<testsuite skipped="0" hostname="SSL247DEV004" name="Sanity_Test.SQL_Queries" tests="3" failures="0" timestamp="30 May 2017 09:31:38 GMT" time="2.087" errors="0">
  <testcase name="SQL_DeleteAccount" time="0.474" classname="Sanity_Test.SQL_Queries"/>
  <testcase name="SQL_DeleteUser" time="0.322" classname="Sanity_Test.SQL_Queries"/>
  <testcase name="SQL_Certificate_Order" time="1.291" classname="Sanity_Test.SQL_Queries"/>
</testsuite> <!-- Sanity_Test.SQL_Queries -->
