<?xml version="1.0" encoding="UTF-8"?>
<!-- Generated by org.testng.reporters.JUnitReportReporter -->
<testsuite skipped="0" hostname="SSL247DEV004" name="Regression_Test.SQL_Queries" tests="1" failures="0" timestamp="25 May 2017 16:30:23 GMT" time="1.045" errors="0">
  <testcase name="SQL_Certificate_Order" time="1.045" classname="Regression_Test.SQL_Queries"/>
</testsuite> <!-- Regression_Test.SQL_Queries -->
