<?xml version="1.0" encoding="UTF-8"?>
<!-- Generated by org.testng.reporters.JUnitReportReporter -->
<testsuite skipped="0" hostname="SSL247DEV004" name="Sanity_Test.Admin_User" tests="3" failures="0" timestamp="12 Jun 2017 13:34:23 GMT" time="168.155" errors="0">
  <testcase name="Edit_Account_User" time="61.825" classname="Sanity_Test.Admin_User"/>
  <testcase name="Send_Fulfillment_Email" time="55.152" classname="Sanity_Test.Admin_User"/>
  <testcase name="Send_Change_Password_Request_Email" time="51.178" classname="Sanity_Test.Admin_User"/>
</testsuite> <!-- Sanity_Test.Admin_User -->
