<?xml version="1.0" encoding="UTF-8"?>
<!-- Generated by org.testng.reporters.JUnitReportReporter -->
<testsuite skipped="0" hostname="SSL247DEV004" name="Sanity_Test.SQL_Queries" tests="3" failures="0" timestamp="31 May 2017 14:01:26 GMT" time="6.605" errors="0">
  <testcase name="SQL_DeleteAccount" time="2.072" classname="Sanity_Test.SQL_Queries"/>
  <testcase name="SQL_DeleteUser" time="1.893" classname="Sanity_Test.SQL_Queries"/>
  <testcase name="SQL_Certificate_Order" time="2.640" classname="Sanity_Test.SQL_Queries"/>
</testsuite> <!-- Sanity_Test.SQL_Queries -->
