<?xml version="1.0" encoding="UTF-8"?>
<!-- Generated by org.testng.reporters.JUnitReportReporter -->
<testsuite skipped="0" hostname="SSL247DEV004" name="Regression_Test.Order_Products" tests="12" failures="0" timestamp="01 Jun 2017 15:26:02 GMT" time="1914.536" errors="0">
  <testcase name="Order_Certificates" time="174.343" classname="Regression_Test.Order_Products"/>
  <testcase name="Order_Certificates" time="160.129" classname="Regression_Test.Order_Products"/>
  <testcase name="Order_Certificates" time="141.962" classname="Regression_Test.Order_Products"/>
  <testcase name="Order_Certificates" time="166.649" classname="Regression_Test.Order_Products"/>
  <testcase name="Order_Certificates" time="163.637" classname="Regression_Test.Order_Products"/>
  <testcase name="Order_Certificates" time="132.263" classname="Regression_Test.Order_Products"/>
  <testcase name="Order_Certificates" time="147.413" classname="Regression_Test.Order_Products"/>
  <testcase name="Order_Certificates" time="169.040" classname="Regression_Test.Order_Products"/>
  <testcase name="Order_Certificates" time="177.313" classname="Regression_Test.Order_Products"/>
  <testcase name="Order_Certificates" time="173.962" classname="Regression_Test.Order_Products"/>
  <testcase name="Order_Certificates" time="142.451" classname="Regression_Test.Order_Products"/>
  <testcase name="Order_Certificates" time="165.374" classname="Regression_Test.Order_Products"/>
</testsuite> <!-- Regression_Test.Order_Products -->
