<?xml version="1.0" encoding="UTF-8"?>
<!-- Generated by org.testng.reporters.JUnitReportReporter -->
<testsuite skipped="0" hostname="SSL247DEV004" name="Regression.Registered_User" tests="5" failures="0" timestamp="08 May 2017 11:55:46 GMT" time="371.416" errors="0">
  <testcase name="Order_RapidSSL" time="100.401" classname="Regression.Registered_User"/>
  <testcase name="Create_User" time="63.588" classname="Regression.Registered_User"/>
  <testcase name="Edit_User" time="77.768" classname="Regression.Registered_User"/>
  <testcase name="Order_Secure_SiteEV" time="34.151" classname="Regression.Registered_User"/>
  <testcase name="Domain_Name_Ordering" time="95.508" classname="Regression.Registered_User"/>
</testsuite> <!-- Regression.Registered_User -->
